<?xml version="1.0" encoding="UTF-8"?>
<!-- Generated by org.testng.reporters.JUnitReportReporter -->
<testsuite hostname="ATMECSINDT-030" failures="0" tests="5" name="com.toolsqa.ToolsQaVersion_2.SearchProduct" time="17.564" errors="0" timestamp="24 Aug 2019 13:37:09 GMT" skipped="0">
  <testcase classname="com.toolsqa.ToolsQaVersion_2.SearchProduct" name="validatewithoutsizeandcolour" time="4.344"/>
  <testcase classname="com.toolsqa.ToolsQaVersion_2.SearchProduct" name="searchproducts" time="9.078"/>
  <testcase classname="com.toolsqa.ToolsQaVersion_2.SearchProduct" name="validateProductsInCart" time="2.028"/>
  <testcase classname="com.toolsqa.ToolsQaVersion_2.SearchProduct" name="verifyGrandTotal" time="0.182"/>
  <testcase classname="com.toolsqa.ToolsQaVersion_2.SearchProduct" name="removeItemFromCart" time="1.932"/>
</testsuite> <!-- com.toolsqa.ToolsQaVersion_2.SearchProduct -->
