<?xml version="1.0" encoding="UTF-8"?>
<!-- Generated by org.testng.reporters.JUnitReportReporter -->
<testsuite hostname="ATMECSINDT-030" failures="0" tests="5" name="com.toolsqa.testscripts.OrderProductsAndValidatingCart" time="58.259" errors="0" timestamp="24 Aug 2019 14:37:05 GMT" skipped="0">
  <testcase classname="com.toolsqa.testscripts.OrderProductsAndValidatingCart" name="validatewithoutsizeandcolour" time="17.330"/>
  <testcase classname="com.toolsqa.testscripts.OrderProductsAndValidatingCart" name="searchproducts" time="33.628"/>
  <testcase classname="com.toolsqa.testscripts.OrderProductsAndValidatingCart" name="validateProductsInCart" time="4.273"/>
  <testcase classname="com.toolsqa.testscripts.OrderProductsAndValidatingCart" name="verifyGrandTotal" time="0.665"/>
  <testcase classname="com.toolsqa.testscripts.OrderProductsAndValidatingCart" name="removeItemFromCart" time="2.363"/>
</testsuite> <!-- com.toolsqa.testscripts.OrderProductsAndValidatingCart -->
